-------------------------------------------------------------------------------
Test set: com.civiguard.util.ShiftValidatorTest
-------------------------------------------------------------------------------
Tests run: 8, Failures: 5, Errors: 2, Skipped: 0, Time elapsed: 0.171 s <<< FAILURE! -- in com.civiguard.util.ShiftValidatorTest
com.civiguard.util.ShiftValidatorTest.validateShift_ShouldThrowException_WhenShiftTooCloseToPrevious -- Time elapsed: 0.016 s <<< FAILURE!
org.opentest4j.AssertionFailedError: expected: <true> but was: <false>
	at org.junit.jupiter.api.AssertionFailureBuilder.build(AssertionFailureBuilder.java:151)
	at org.junit.jupiter.api.AssertionFailureBuilder.buildAndThrow(AssertionFailureBuilder.java:132)
	at org.junit.jupiter.api.AssertTrue.failNotTrue(AssertTrue.java:63)
	at org.junit.jupiter.api.AssertTrue.assertTrue(AssertTrue.java:36)
	at org.junit.jupiter.api.AssertTrue.assertTrue(AssertTrue.java:31)
	at org.junit.jupiter.api.Assertions.assertTrue(Assertions.java:183)
	at com.civiguard.util.ShiftValidatorTest.validateShift_ShouldThrowException_WhenShiftTooCloseToPrevious(ShiftValidatorTest.java:185)
	at java.base/java.lang.reflect.Method.invoke(Method.java:580)
	at java.base/java.util.ArrayList.forEach(ArrayList.java:1596)
	at java.base/java.util.ArrayList.forEach(ArrayList.java:1596)

com.civiguard.util.ShiftValidatorTest.validateShift_ShouldThrowException_WhenOfficerHasTooManyShifts -- Time elapsed: 0.018 s <<< FAILURE!
org.opentest4j.AssertionFailedError: Expected com.civiguard.exception.BadRequestException to be thrown, but nothing was thrown.
	at org.junit.jupiter.api.AssertionFailureBuilder.build(AssertionFailureBuilder.java:152)
	at org.junit.jupiter.api.AssertThrows.assertThrows(AssertThrows.java:73)
	at org.junit.jupiter.api.AssertThrows.assertThrows(AssertThrows.java:35)
	at org.junit.jupiter.api.Assertions.assertThrows(Assertions.java:3115)
	at com.civiguard.util.ShiftValidatorTest.validateShift_ShouldThrowException_WhenOfficerHasTooManyShifts(ShiftValidatorTest.java:158)
	at java.base/java.lang.reflect.Method.invoke(Method.java:580)
	at java.base/java.util.ArrayList.forEach(ArrayList.java:1596)
	at java.base/java.util.ArrayList.forEach(ArrayList.java:1596)

com.civiguard.util.ShiftValidatorTest.validateShift_ShouldPass_WhenUpdatingSameShift -- Time elapsed: 0.073 s <<< ERROR!
org.mockito.exceptions.misusing.UnnecessaryStubbingException: 

Unnecessary stubbings detected.
Clean & maintainable test code requires zero unnecessary code.
Following stubbings are unnecessary (click to navigate to relevant line of code):
  1. -> at com.civiguard.util.ShiftValidatorTest.validateShift_ShouldPass_WhenUpdatingSameShift(ShiftValidatorTest.java:128)
  2. -> at com.civiguard.util.ShiftValidatorTest.validateShift_ShouldPass_WhenUpdatingSameShift(ShiftValidatorTest.java:130)
Please remove unnecessary stubbings or use 'lenient' strictness. More info: javadoc for UnnecessaryStubbingException class.
	at org.mockito.junit.jupiter.MockitoExtension.afterEach(MockitoExtension.java:197)
	at java.base/java.util.ArrayList.forEach(ArrayList.java:1596)
	at java.base/java.util.ArrayList.forEach(ArrayList.java:1596)

com.civiguard.util.ShiftValidatorTest.validateShift_ShouldThrowException_WhenShiftIsTooLong -- Time elapsed: 0.011 s <<< FAILURE!
org.opentest4j.AssertionFailedError: Expected com.civiguard.exception.BadRequestException to be thrown, but nothing was thrown.
	at org.junit.jupiter.api.AssertionFailureBuilder.build(AssertionFailureBuilder.java:152)
	at org.junit.jupiter.api.AssertThrows.assertThrows(AssertThrows.java:73)
	at org.junit.jupiter.api.AssertThrows.assertThrows(AssertThrows.java:35)
	at org.junit.jupiter.api.Assertions.assertThrows(Assertions.java:3115)
	at com.civiguard.util.ShiftValidatorTest.validateShift_ShouldThrowException_WhenShiftIsTooLong(ShiftValidatorTest.java:98)
	at java.base/java.lang.reflect.Method.invoke(Method.java:580)
	at java.base/java.util.ArrayList.forEach(ArrayList.java:1596)
	at java.base/java.util.ArrayList.forEach(ArrayList.java:1596)

com.civiguard.util.ShiftValidatorTest.validateShift_ShouldPass_WithValidData -- Time elapsed: 0.014 s <<< ERROR!
org.mockito.exceptions.misusing.UnnecessaryStubbingException: 

Unnecessary stubbings detected.
Clean & maintainable test code requires zero unnecessary code.
Following stubbings are unnecessary (click to navigate to relevant line of code):
  1. -> at com.civiguard.util.ShiftValidatorTest.validateShift_ShouldPass_WithValidData(ShiftValidatorTest.java:78)
  2. -> at com.civiguard.util.ShiftValidatorTest.validateShift_ShouldPass_WithValidData(ShiftValidatorTest.java:79)
Please remove unnecessary stubbings or use 'lenient' strictness. More info: javadoc for UnnecessaryStubbingException class.
	at org.mockito.junit.jupiter.MockitoExtension.afterEach(MockitoExtension.java:197)
	at java.base/java.util.ArrayList.forEach(ArrayList.java:1596)
	at java.base/java.util.ArrayList.forEach(ArrayList.java:1596)

com.civiguard.util.ShiftValidatorTest.validateShift_ShouldThrowException_WhenOfficerHasOverlappingShift -- Time elapsed: 0.007 s <<< FAILURE!
org.opentest4j.AssertionFailedError: Expected com.civiguard.exception.ConflictException to be thrown, but nothing was thrown.
	at org.junit.jupiter.api.AssertionFailureBuilder.build(AssertionFailureBuilder.java:152)
	at org.junit.jupiter.api.AssertThrows.assertThrows(AssertThrows.java:73)
	at org.junit.jupiter.api.AssertThrows.assertThrows(AssertThrows.java:35)
	at org.junit.jupiter.api.Assertions.assertThrows(Assertions.java:3115)
	at com.civiguard.util.ShiftValidatorTest.validateShift_ShouldThrowException_WhenOfficerHasOverlappingShift(ShiftValidatorTest.java:120)
	at java.base/java.lang.reflect.Method.invoke(Method.java:580)
	at java.base/java.util.ArrayList.forEach(ArrayList.java:1596)
	at java.base/java.util.ArrayList.forEach(ArrayList.java:1596)

com.civiguard.util.ShiftValidatorTest.validateShift_ShouldThrowException_WhenOfficerNotFound -- Time elapsed: 0.005 s <<< FAILURE!
org.opentest4j.AssertionFailedError: Expected com.civiguard.exception.BadRequestException to be thrown, but nothing was thrown.
	at org.junit.jupiter.api.AssertionFailureBuilder.build(AssertionFailureBuilder.java:152)
	at org.junit.jupiter.api.AssertThrows.assertThrows(AssertThrows.java:73)
	at org.junit.jupiter.api.AssertThrows.assertThrows(AssertThrows.java:35)
	at org.junit.jupiter.api.Assertions.assertThrows(Assertions.java:3115)
	at com.civiguard.util.ShiftValidatorTest.validateShift_ShouldThrowException_WhenOfficerNotFound(ShiftValidatorTest.java:108)
	at java.base/java.lang.reflect.Method.invoke(Method.java:580)
	at java.base/java.util.ArrayList.forEach(ArrayList.java:1596)
	at java.base/java.util.ArrayList.forEach(ArrayList.java:1596)

