<?xml version="1.0" encoding="UTF-8"?>
<testsuite xmlns:xsi="http://www.w3.org/2001/XMLSchema-instance" xsi:noNamespaceSchemaLocation="https://maven.apache.org/surefire/maven-surefire-plugin/xsd/surefire-test-report-3.0.xsd" version="3.0" name="com.civiguard.controller.ShiftControllerTest" time="0.909" tests="9" errors="2" skipped="0" failures="7">
  <properties>
[...]
</properties>
  <testcase name="getUpcomingShifts_ShouldReturnUpcomingShifts" classname="com.civiguard.controller.ShiftControllerTest" time="0.445">
    <failure message="Status expected:&lt;200&gt; but was:&lt;404&gt;" type="java.lang.AssertionError"><![CDATA[java.lang.AssertionError: Status expected:<200> but was:<404>
	at org.springframework.test.util.AssertionErrors.fail(AssertionErrors.java:59)
	at org.springframework.test.util.AssertionErrors.assertEquals(AssertionErrors.java:122)
	at org.springframework.test.web.servlet.result.StatusResultMatchers.lambda$matcher$9(StatusResultMatchers.java:637)
	at org.springframework.test.web.servlet.MockMvc$1.andExpect(MockMvc.java:214)
	at com.civiguard.controller.ShiftControllerTest.getUpcomingShifts_ShouldReturnUpcomingShifts(ShiftControllerTest.java:176)
	at java.base/java.lang.reflect.Method.invoke(Method.java:580)
	at java.base/java.util.ArrayList.forEach(ArrayList.java:1596)
	at java.base/java.util.ArrayList.forEach(ArrayList.java:1596)
]]></failure>
    <system-out><![CDATA[2025-05-27 11:38:45.778  INFO 247180 --- [           main] o.s.mock.web.MockServletContext          : Initializing Spring TestDispatcherServlet ''
2025-05-27 11:38:45.780  INFO 247180 --- [           main] o.s.t.web.servlet.TestDispatcherServlet  : Initializing Servlet ''
2025-05-27 11:38:45.783  INFO 247180 --- [           main] o.s.t.web.servlet.TestDispatcherServlet  : Completed initialization in 2 ms
2025-05-27 11:38:45.881  WARN 247180 --- [           main] o.s.web.servlet.PageNotFound             : No mapping for GET /api/shifts/upcoming
2025-05-27 11:38:45.892  WARN 247180 --- [           main] o.s.web.servlet.PageNotFound             : No endpoint GET /api/shifts/upcoming.
]]></system-out>
  </testcase>
  <testcase name="createShift_ShouldReturnCreatedShift" classname="com.civiguard.controller.ShiftControllerTest" time="0.12">
    <error message="Java 8 date/time type `java.time.LocalDateTime` not supported by default: add Module &quot;com.fasterxml.jackson.datatype:jackson-datatype-jsr310&quot; to enable handling (through reference chain: com.civiguard.dto.ShiftDTO[&quot;startTime&quot;])" type="com.fasterxml.jackson.databind.exc.InvalidDefinitionException"><![CDATA[com.fasterxml.jackson.databind.exc.InvalidDefinitionException: Java 8 date/time type `java.time.LocalDateTime` not supported by default: add Module "com.fasterxml.jackson.datatype:jackson-datatype-jsr310" to enable handling (through reference chain: com.civiguard.dto.ShiftDTO["startTime"])
	at com.fasterxml.jackson.databind.exc.InvalidDefinitionException.from(InvalidDefinitionException.java:77)
	at com.fasterxml.jackson.databind.SerializerProvider.reportBadDefinition(SerializerProvider.java:1330)
	at com.fasterxml.jackson.databind.ser.impl.UnsupportedTypeSerializer.serialize(UnsupportedTypeSerializer.java:35)
	at com.fasterxml.jackson.databind.ser.BeanPropertyWriter.serializeAsField(BeanPropertyWriter.java:732)
	at com.fasterxml.jackson.databind.ser.std.BeanSerializerBase.serializeFields(BeanSerializerBase.java:770)
	at com.fasterxml.jackson.databind.ser.BeanSerializer.serialize(BeanSerializer.java:183)
	at com.fasterxml.jackson.databind.ser.DefaultSerializerProvider._serialize(DefaultSerializerProvider.java:502)
	at com.fasterxml.jackson.databind.ser.DefaultSerializerProvider.serializeValue(DefaultSerializerProvider.java:341)
	at com.fasterxml.jackson.databind.ObjectMapper._writeValueAndClose(ObjectMapper.java:4799)
	at com.fasterxml.jackson.databind.ObjectMapper.writeValueAsString(ObjectMapper.java:4040)
	at com.civiguard.controller.ShiftControllerTest.createShift_ShouldReturnCreatedShift(ShiftControllerTest.java:70)
	at java.base/java.lang.reflect.Method.invoke(Method.java:580)
	at java.base/java.util.ArrayList.forEach(ArrayList.java:1596)
	at java.base/java.util.ArrayList.forEach(ArrayList.java:1596)
]]></error>
    <system-out><![CDATA[2025-05-27 11:38:45.942  INFO 247180 --- [           main] o.s.mock.web.MockServletContext          : Initializing Spring TestDispatcherServlet ''
2025-05-27 11:38:45.943  INFO 247180 --- [           main] o.s.t.web.servlet.TestDispatcherServlet  : Initializing Servlet ''
2025-05-27 11:38:45.944  INFO 247180 --- [           main] o.s.t.web.servlet.TestDispatcherServlet  : Completed initialization in 0 ms
]]></system-out>
  </testcase>
  <testcase name="getAllShifts_ShouldReturnAllShifts" classname="com.civiguard.controller.ShiftControllerTest" time="0.032">
    <failure message="Status expected:&lt;200&gt; but was:&lt;404&gt;" type="java.lang.AssertionError"><![CDATA[java.lang.AssertionError: Status expected:<200> but was:<404>
	at org.springframework.test.util.AssertionErrors.fail(AssertionErrors.java:59)
	at org.springframework.test.util.AssertionErrors.assertEquals(AssertionErrors.java:122)
	at org.springframework.test.web.servlet.result.StatusResultMatchers.lambda$matcher$9(StatusResultMatchers.java:637)
	at org.springframework.test.web.servlet.MockMvc$1.andExpect(MockMvc.java:214)
	at com.civiguard.controller.ShiftControllerTest.getAllShifts_ShouldReturnAllShifts(ShiftControllerTest.java:96)
	at java.base/java.lang.reflect.Method.invoke(Method.java:580)
	at java.base/java.util.ArrayList.forEach(ArrayList.java:1596)
	at java.base/java.util.ArrayList.forEach(ArrayList.java:1596)
]]></failure>
    <system-out><![CDATA[2025-05-27 11:38:46.057  INFO 247180 --- [           main] o.s.mock.web.MockServletContext          : Initializing Spring TestDispatcherServlet ''
2025-05-27 11:38:46.060  INFO 247180 --- [           main] o.s.t.web.servlet.TestDispatcherServlet  : Initializing Servlet ''
2025-05-27 11:38:46.062  INFO 247180 --- [           main] o.s.t.web.servlet.TestDispatcherServlet  : Completed initialization in 0 ms
2025-05-27 11:38:46.065  WARN 247180 --- [           main] o.s.web.servlet.PageNotFound             : No mapping for GET /api/shifts
2025-05-27 11:38:46.065  WARN 247180 --- [           main] o.s.web.servlet.PageNotFound             : No endpoint GET /api/shifts.
]]></system-out>
  </testcase>
  <testcase name="updateShift_ShouldUpdateShift" classname="com.civiguard.controller.ShiftControllerTest" time="0.051">
    <error message="Java 8 date/time type `java.time.LocalDateTime` not supported by default: add Module &quot;com.fasterxml.jackson.datatype:jackson-datatype-jsr310&quot; to enable handling (through reference chain: com.civiguard.dto.ShiftDTO[&quot;startTime&quot;])" type="com.fasterxml.jackson.databind.exc.InvalidDefinitionException"><![CDATA[com.fasterxml.jackson.databind.exc.InvalidDefinitionException: Java 8 date/time type `java.time.LocalDateTime` not supported by default: add Module "com.fasterxml.jackson.datatype:jackson-datatype-jsr310" to enable handling (through reference chain: com.civiguard.dto.ShiftDTO["startTime"])
	at com.fasterxml.jackson.databind.exc.InvalidDefinitionException.from(InvalidDefinitionException.java:77)
	at com.fasterxml.jackson.databind.SerializerProvider.reportBadDefinition(SerializerProvider.java:1330)
	at com.fasterxml.jackson.databind.ser.impl.UnsupportedTypeSerializer.serialize(UnsupportedTypeSerializer.java:35)
	at com.fasterxml.jackson.databind.ser.BeanPropertyWriter.serializeAsField(BeanPropertyWriter.java:732)
	at com.fasterxml.jackson.databind.ser.std.BeanSerializerBase.serializeFields(BeanSerializerBase.java:770)
	at com.fasterxml.jackson.databind.ser.BeanSerializer.serialize(BeanSerializer.java:183)
	at com.fasterxml.jackson.databind.ser.DefaultSerializerProvider._serialize(DefaultSerializerProvider.java:502)
	at com.fasterxml.jackson.databind.ser.DefaultSerializerProvider.serializeValue(DefaultSerializerProvider.java:341)
	at com.fasterxml.jackson.databind.ObjectMapper._writeValueAndClose(ObjectMapper.java:4799)
	at com.fasterxml.jackson.databind.ObjectMapper.writeValueAsString(ObjectMapper.java:4040)
	at com.civiguard.controller.ShiftControllerTest.updateShift_ShouldUpdateShift(ShiftControllerTest.java:109)
	at java.base/java.lang.reflect.Method.invoke(Method.java:580)
	at java.base/java.util.ArrayList.forEach(ArrayList.java:1596)
	at java.base/java.util.ArrayList.forEach(ArrayList.java:1596)
]]></error>
    <system-out><![CDATA[2025-05-27 11:38:46.105  INFO 247180 --- [           main] o.s.mock.web.MockServletContext          : Initializing Spring TestDispatcherServlet ''
2025-05-27 11:38:46.106  INFO 247180 --- [           main] o.s.t.web.servlet.TestDispatcherServlet  : Initializing Servlet ''
2025-05-27 11:38:46.107  INFO 247180 --- [           main] o.s.t.web.servlet.TestDispatcherServlet  : Completed initialization in 1 ms
]]></system-out>
  </testcase>
  <testcase name="getShiftsByStatus_ShouldReturnShifts" classname="com.civiguard.controller.ShiftControllerTest" time="0.038">
    <failure message="Status expected:&lt;200&gt; but was:&lt;404&gt;" type="java.lang.AssertionError"><![CDATA[java.lang.AssertionError: Status expected:<200> but was:<404>
	at org.springframework.test.util.AssertionErrors.fail(AssertionErrors.java:59)
	at org.springframework.test.util.AssertionErrors.assertEquals(AssertionErrors.java:122)
	at org.springframework.test.web.servlet.result.StatusResultMatchers.lambda$matcher$9(StatusResultMatchers.java:637)
	at org.springframework.test.web.servlet.MockMvc$1.andExpect(MockMvc.java:214)
	at com.civiguard.controller.ShiftControllerTest.getShiftsByStatus_ShouldReturnShifts(ShiftControllerTest.java:158)
	at java.base/java.lang.reflect.Method.invoke(Method.java:580)
	at java.base/java.util.ArrayList.forEach(ArrayList.java:1596)
	at java.base/java.util.ArrayList.forEach(ArrayList.java:1596)
]]></failure>
    <system-out><![CDATA[2025-05-27 11:38:46.153  INFO 247180 --- [           main] o.s.mock.web.MockServletContext          : Initializing Spring TestDispatcherServlet ''
2025-05-27 11:38:46.154  INFO 247180 --- [           main] o.s.t.web.servlet.TestDispatcherServlet  : Initializing Servlet ''
2025-05-27 11:38:46.155  INFO 247180 --- [           main] o.s.t.web.servlet.TestDispatcherServlet  : Completed initialization in 0 ms
2025-05-27 11:38:46.158  WARN 247180 --- [           main] o.s.web.servlet.PageNotFound             : No mapping for GET /api/shifts/status/PENDING
2025-05-27 11:38:46.159  WARN 247180 --- [           main] o.s.web.servlet.PageNotFound             : No endpoint GET /api/shifts/status/PENDING.
]]></system-out>
  </testcase>
  <testcase name="getShiftById_ShouldReturnShift" classname="com.civiguard.controller.ShiftControllerTest" time="0.037">
    <failure message="Status expected:&lt;200&gt; but was:&lt;404&gt;" type="java.lang.AssertionError"><![CDATA[java.lang.AssertionError: Status expected:<200> but was:<404>
	at org.springframework.test.util.AssertionErrors.fail(AssertionErrors.java:59)
	at org.springframework.test.util.AssertionErrors.assertEquals(AssertionErrors.java:122)
	at org.springframework.test.web.servlet.result.StatusResultMatchers.lambda$matcher$9(StatusResultMatchers.java:637)
	at org.springframework.test.web.servlet.MockMvc$1.andExpect(MockMvc.java:214)
	at com.civiguard.controller.ShiftControllerTest.getShiftById_ShouldReturnShift(ShiftControllerTest.java:84)
	at java.base/java.lang.reflect.Method.invoke(Method.java:580)
	at java.base/java.util.ArrayList.forEach(ArrayList.java:1596)
	at java.base/java.util.ArrayList.forEach(ArrayList.java:1596)
]]></failure>
    <system-out><![CDATA[2025-05-27 11:38:46.194  INFO 247180 --- [           main] o.s.mock.web.MockServletContext          : Initializing Spring TestDispatcherServlet ''
2025-05-27 11:38:46.195  INFO 247180 --- [           main] o.s.t.web.servlet.TestDispatcherServlet  : Initializing Servlet ''
2025-05-27 11:38:46.195  INFO 247180 --- [           main] o.s.t.web.servlet.TestDispatcherServlet  : Completed initialization in 0 ms
2025-05-27 11:38:46.198  WARN 247180 --- [           main] o.s.web.servlet.PageNotFound             : No mapping for GET /api/shifts/1
2025-05-27 11:38:46.199  WARN 247180 --- [           main] o.s.web.servlet.PageNotFound             : No endpoint GET /api/shifts/1.
]]></system-out>
  </testcase>
  <testcase name="updateShiftStatus_ShouldUpdateStatus" classname="com.civiguard.controller.ShiftControllerTest" time="0.057">
    <failure message="Status expected:&lt;200&gt; but was:&lt;404&gt;" type="java.lang.AssertionError"><![CDATA[java.lang.AssertionError: Status expected:<200> but was:<404>
	at org.springframework.test.util.AssertionErrors.fail(AssertionErrors.java:59)
	at org.springframework.test.util.AssertionErrors.assertEquals(AssertionErrors.java:122)
	at org.springframework.test.web.servlet.result.StatusResultMatchers.lambda$matcher$9(StatusResultMatchers.java:637)
	at org.springframework.test.web.servlet.MockMvc$1.andExpect(MockMvc.java:214)
	at com.civiguard.controller.ShiftControllerTest.updateShiftStatus_ShouldUpdateStatus(ShiftControllerTest.java:134)
	at java.base/java.lang.reflect.Method.invoke(Method.java:580)
	at java.base/java.util.ArrayList.forEach(ArrayList.java:1596)
	at java.base/java.util.ArrayList.forEach(ArrayList.java:1596)
]]></failure>
    <system-out><![CDATA[2025-05-27 11:38:46.247  INFO 247180 --- [           main] o.s.mock.web.MockServletContext          : Initializing Spring TestDispatcherServlet ''
2025-05-27 11:38:46.248  INFO 247180 --- [           main] o.s.t.web.servlet.TestDispatcherServlet  : Initializing Servlet ''
2025-05-27 11:38:46.248  INFO 247180 --- [           main] o.s.t.web.servlet.TestDispatcherServlet  : Completed initialization in 0 ms
2025-05-27 11:38:46.256  WARN 247180 --- [           main] o.s.web.servlet.PageNotFound             : No mapping for PUT /api/shifts/1/status
2025-05-27 11:38:46.256  WARN 247180 --- [           main] o.s.web.servlet.PageNotFound             : No endpoint PUT /api/shifts/1/status.
]]></system-out>
  </testcase>
  <testcase name="deleteShift_ShouldReturnNoContent" classname="com.civiguard.controller.ShiftControllerTest" time="0.042">
    <failure message="Status expected:&lt;204&gt; but was:&lt;404&gt;" type="java.lang.AssertionError"><![CDATA[java.lang.AssertionError: Status expected:<204> but was:<404>
	at org.springframework.test.util.AssertionErrors.fail(AssertionErrors.java:59)
	at org.springframework.test.util.AssertionErrors.assertEquals(AssertionErrors.java:122)
	at org.springframework.test.web.servlet.result.StatusResultMatchers.lambda$matcher$9(StatusResultMatchers.java:637)
	at org.springframework.test.web.servlet.MockMvc$1.andExpect(MockMvc.java:214)
	at com.civiguard.controller.ShiftControllerTest.deleteShift_ShouldReturnNoContent(ShiftControllerTest.java:122)
	at java.base/java.lang.reflect.Method.invoke(Method.java:580)
	at java.base/java.util.ArrayList.forEach(ArrayList.java:1596)
	at java.base/java.util.ArrayList.forEach(ArrayList.java:1596)
]]></failure>
    <system-out><![CDATA[2025-05-27 11:38:46.295  INFO 247180 --- [           main] o.s.mock.web.MockServletContext          : Initializing Spring TestDispatcherServlet ''
2025-05-27 11:38:46.296  INFO 247180 --- [           main] o.s.t.web.servlet.TestDispatcherServlet  : Initializing Servlet ''
2025-05-27 11:38:46.297  INFO 247180 --- [           main] o.s.t.web.servlet.TestDispatcherServlet  : Completed initialization in 1 ms
2025-05-27 11:38:46.301  WARN 247180 --- [           main] o.s.web.servlet.PageNotFound             : No mapping for DELETE /api/shifts/1
2025-05-27 11:38:46.302  WARN 247180 --- [           main] o.s.web.servlet.PageNotFound             : No endpoint DELETE /api/shifts/1.
]]></system-out>
  </testcase>
  <testcase name="getShiftsByOfficer_ShouldReturnShifts" classname="com.civiguard.controller.ShiftControllerTest" time="0.048">
    <failure message="Status expected:&lt;200&gt; but was:&lt;404&gt;" type="java.lang.AssertionError"><![CDATA[java.lang.AssertionError: Status expected:<200> but was:<404>
	at org.springframework.test.util.AssertionErrors.fail(AssertionErrors.java:59)
	at org.springframework.test.util.AssertionErrors.assertEquals(AssertionErrors.java:122)
	at org.springframework.test.web.servlet.result.StatusResultMatchers.lambda$matcher$9(StatusResultMatchers.java:637)
	at org.springframework.test.web.servlet.MockMvc$1.andExpect(MockMvc.java:214)
	at com.civiguard.controller.ShiftControllerTest.getShiftsByOfficer_ShouldReturnShifts(ShiftControllerTest.java:145)
	at java.base/java.lang.reflect.Method.invoke(Method.java:580)
	at java.base/java.util.ArrayList.forEach(ArrayList.java:1596)
	at java.base/java.util.ArrayList.forEach(ArrayList.java:1596)
]]></failure>
    <system-out><![CDATA[2025-05-27 11:38:46.338  INFO 247180 --- [           main] o.s.mock.web.MockServletContext          : Initializing Spring TestDispatcherServlet ''
2025-05-27 11:38:46.339  INFO 247180 --- [           main] o.s.t.web.servlet.TestDispatcherServlet  : Initializing Servlet ''
2025-05-27 11:38:46.339  INFO 247180 --- [           main] o.s.t.web.servlet.TestDispatcherServlet  : Completed initialization in 0 ms
2025-05-27 11:38:46.350  WARN 247180 --- [           main] o.s.web.servlet.PageNotFound             : No mapping for GET /api/shifts/officer/1
2025-05-27 11:38:46.351  WARN 247180 --- [           main] o.s.web.servlet.PageNotFound             : No endpoint GET /api/shifts/officer/1.
]]></system-out>
  </testcase>
</testsuite>